<?xml version="1.0" encoding="UTF-8"?>
<!-- Generated by org.testng.reporters.JUnitReportReporter -->
<testsuite hostname="LAPTOP-FB173B5U" failures="0" tests="1" name="TESTCASES.TC01_Skills" time="20.367" errors="0" timestamp="2024-10-09T11:46:02 IST" skipped="0">
  <testcase classname="TESTCASES.TC01_Skills" name="main" time="20.367"/>
</testsuite> <!-- TESTCASES.TC01_Skills -->
